<?xml version="1.0" encoding="UTF-8"?>
<!-- Generated by org.testng.reporters.JUnitReportReporter -->
<testsuite hostname="kmaster" failures="0" tests="1" name="caseStudy.SeleniumWebsite.AppTest" time="0.058" errors="0" timestamp="11 Jun 2021 22:25:27 GMT" skipped="0">
  <testcase classname="caseStudy.SeleniumWebsite.AppTest" name="shouldAnswerWithTrue" time="0.058"/>
</testsuite> <!-- caseStudy.SeleniumWebsite.AppTest -->
